[2022-03-11T08:08:46.072478+00:00] lbs.log.ERROR: GET http://api.commande.local:19080/ : malformed uri [] []
[2022-03-11T08:08:47.882568+00:00] lbs.log.ERROR: GET http://api.commande.local:19080/favicon.ico : malformed uri [] []
[2022-03-11T08:09:12.804166+00:00] lbs.log.ERROR: GET http://api.commande.local:19080/favicon.ico : malformed uri [] []
[2022-03-11T08:09:30.710469+00:00] lbs.log.ERROR: Missing token in Commande route [] []
[2022-03-11T08:09:31.921343+00:00] lbs.log.ERROR: GET http://api.commande.local:19080/favicon.ico : malformed uri [] []
[2022-03-11T08:09:55.448785+00:00] lbs.log.ERROR: Missing token in Commande route [] []
[2022-03-11T08:10:06.317370+00:00] lbs.log.ERROR: GET http://api.commande.local:19080/ : malformed uri [] []
[2022-03-11T08:10:08.307823+00:00] lbs.log.ERROR: GET http://api.commande.local:19080/favicon.ico : malformed uri [] []
[2022-03-11T08:10:41.921827+00:00] lbs.log.ERROR: GET http://api.commande.local:19080/ : malformed uri [] []
[2022-03-11T08:10:43.018054+00:00] lbs.log.ERROR: GET http://api.commande.local:19080/favicon.ico : malformed uri [] []
[2022-03-11T08:10:43.706117+00:00] lbs.log.ERROR: GET http://api.commande.local:19080/ : malformed uri [] []
[2022-03-11T08:10:44.883838+00:00] lbs.log.ERROR: GET http://api.commande.local:19080/favicon.ico : malformed uri [] []
[2022-03-11T08:12:15.841892+00:00] lbs.log.ERROR: GET http://api.commande.local:19080/favicon.ico : malformed uri [] []
[2022-03-11T08:12:29.784609+00:00] lbs.log.ERROR: GET http://api.commande.local:19080/favicon.ico : malformed uri [] []
[2022-03-11T08:13:40.319208+00:00] lbs.log.ERROR: GET http://api.commande.local:19080/favicon.ico : malformed uri [] []
[2022-03-11T08:16:00.020089+00:00] lbs.log.ERROR: Missing token in Commande route [] []
[2022-03-11T08:16:01.245105+00:00] lbs.log.ERROR: GET http://api.commande.local:19080/favicon.ico : malformed uri [] []
[2022-03-11T08:17:11.400418+00:00] lbs.log.ERROR: Missing token in Commande route [] []
[2022-03-11T08:17:12.498388+00:00] lbs.log.ERROR: GET http://api.commande.local:19080/favicon.ico : malformed uri [] []
[2022-03-11T08:17:20.498528+00:00] lbs.log.ERROR: Missing token in Commande route [] []
[2022-03-11T08:17:21.715153+00:00] lbs.log.ERROR: GET http://api.commande.local:19080/favicon.ico : malformed uri [] []
[2022-03-11T08:24:52.255548+00:00] lbs.log.ERROR: Missing token in Commande route [] []
[2022-03-11T08:24:53.406464+00:00] lbs.log.ERROR: GET http://api.commande.local:19080/favicon.ico : malformed uri [] []
[2022-03-11T08:25:25.449724+00:00] lbs.log.ERROR: Missing token in Commande route [] []
[2022-03-11T08:25:26.746227+00:00] lbs.log.ERROR: GET http://api.commande.local:19080/favicon.ico : malformed uri [] []
[2022-03-11T08:25:53.507592+00:00] lbs.log.ERROR: Missing token in Commande route [] []
[2022-03-11T08:25:54.851235+00:00] lbs.log.ERROR: GET http://api.commande.local:19080/favicon.ico : malformed uri [] []
[2022-03-11T08:26:00.040019+00:00] lbs.log.ERROR: GET http://api.commande.local:19080/ : malformed uri [] []
[2022-03-11T08:26:01.912533+00:00] lbs.log.ERROR: GET http://api.commande.local:19080/favicon.ico : malformed uri [] []
[2022-03-11T08:26:27.047614+00:00] lbs.log.ERROR: GET http://api.commande.local:19080/commandes%20HTTP/1.1 : malformed uri [] []
[2022-03-11T08:26:28.892936+00:00] lbs.log.ERROR: GET http://api.commande.local:19080/favicon.ico : malformed uri [] []
[2022-03-11T08:26:41.062116+00:00] lbs.log.ERROR: GET http://api.commande.local:19080/commandes%20HTTP/1.1 : malformed uri [] []
[2022-03-11T08:26:42.183694+00:00] lbs.log.ERROR: GET http://api.commande.local:19080/favicon.ico : malformed uri [] []
[2022-03-11T08:26:46.362277+00:00] lbs.log.ERROR: GET http://api.commande.local:19080/commandesHTTP/1.1 : malformed uri [] []
[2022-03-11T08:26:47.584849+00:00] lbs.log.ERROR: GET http://api.commande.local:19080/favicon.ico : malformed uri [] []
[2022-03-11T08:26:51.737817+00:00] lbs.log.ERROR: GET http://api.commande.local:19080/commandes%20HTTP/1.1 : malformed uri [] []
[2022-03-11T08:26:52.770850+00:00] lbs.log.ERROR: GET http://api.commande.local:19080/favicon.ico : malformed uri [] []
[2022-03-11T08:27:52.725457+00:00] lbs.log.ERROR: GET http://api.commande.local:19080/commandes= : malformed uri [] []
[2022-03-11T08:27:54.589036+00:00] lbs.log.ERROR: GET http://api.commande.local:19080/favicon.ico : malformed uri [] []
[2022-03-11T08:27:56.482026+00:00] lbs.log.ERROR: Missing token in Commande route [] []
[2022-03-11T08:27:57.768132+00:00] lbs.log.ERROR: GET http://api.commande.local:19080/favicon.ico : malformed uri [] []
[2022-03-11T08:28:42.630009+00:00] lbs.log.ERROR: Missing token in Commande route [] []
[2022-03-11T08:28:43.805556+00:00] lbs.log.ERROR: GET http://api.commande.local:19080/favicon.ico : malformed uri [] []
[2022-03-11T08:28:55.606257+00:00] lbs.log.ERROR: Missing token in Commande route [] []
[2022-03-11T08:28:56.741698+00:00] lbs.log.ERROR: GET http://api.commande.local:19080/favicon.ico : malformed uri [] []
[2022-03-11T08:29:00.240114+00:00] lbs.log.ERROR: Missing token in Commande route [] []
[2022-03-11T08:29:01.513070+00:00] lbs.log.ERROR: GET http://api.commande.local:19080/favicon.ico : malformed uri [] []
[2022-03-11T08:29:02.602186+00:00] lbs.log.ERROR: Missing token in Commande route [] []
[2022-03-11T08:29:04.020301+00:00] lbs.log.ERROR: GET http://api.commande.local:19080/favicon.ico : malformed uri [] []
[2022-03-11T08:29:55.970238+00:00] lbs.log.ERROR: Missing token in Commande route [] []
[2022-03-11T08:29:57.158078+00:00] lbs.log.ERROR: GET http://api.commande.local:19080/favicon.ico : malformed uri [] []
[2022-03-11T08:32:17.096561+00:00] lbs.log.ERROR: GET http://api.commande.local:19080/favicon.ico : malformed uri [] []
[2022-03-11T08:34:17.357025+00:00] lbs.log.ERROR: GET http://api.commande.local:19080/favicon.ico : malformed uri [] []
[2022-03-11T08:34:36.148401+00:00] lbs.log.ERROR: Missing token in Commande route [] []
[2022-03-11T08:34:37.196708+00:00] lbs.log.ERROR: GET http://api.commande.local:19080/favicon.ico : malformed uri [] []
[2022-03-11T08:36:27.801705+00:00] lbs.log.ERROR: Missing token in Commande route [] []
[2022-03-11T08:36:28.988473+00:00] lbs.log.ERROR: GET http://api.commande.local:19080/favicon.ico : malformed uri [] []
[2022-03-11T08:36:32.654326+00:00] lbs.log.ERROR: GET http://api.commande.local:19080/favicon.ico : malformed uri [] []
[2022-03-11T08:36:35.716534+00:00] lbs.log.ERROR: Missing token in Commande route [] []
[2022-03-11T08:36:36.784987+00:00] lbs.log.ERROR: GET http://api.commande.local:19080/favicon.ico : malformed uri [] []
[2022-03-11T08:36:40.789836+00:00] lbs.log.ERROR: GET http://api.commande.local:19080/favicon.ico : malformed uri [] []
[2022-03-11T08:45:31.048283+00:00] lbs.log.ERROR: Missing token in Commande route [] []
[2022-03-11T08:45:32.229780+00:00] lbs.log.ERROR: GET http://api.commande.local:19080/favicon.ico : malformed uri [] []
[2022-03-11T08:45:39.162220+00:00] lbs.log.ERROR: Missing token in Commande route [] []
[2022-03-11T08:45:40.339867+00:00] lbs.log.ERROR: GET http://api.commande.local:19080/favicon.ico : malformed uri [] []
[2022-03-11T08:47:53.411528+00:00] lbs.log.ERROR: GET http://api.commande.local:19080/favicon.ico : malformed uri [] []
[2022-03-11T08:47:58.268188+00:00] lbs.log.ERROR: GET http://api.commande.local:19080/favicon.ico : malformed uri [] []
[2022-03-11T08:55:24.459452+00:00] lbs.log.ERROR: GET http://api.commande.local:19080/index.php/commandes/a/a@hotmail.com/11-03-2022/1 : malformed uri [] []
[2022-03-11T08:55:26.049815+00:00] lbs.log.ERROR: GET http://api.commande.local:19080/favicon.ico : malformed uri [] []
[2022-03-11T08:56:51.995553+00:00] lbs.log.ERROR: Missing token in Commande route [] []
[2022-03-11T08:56:53.111684+00:00] lbs.log.ERROR: GET http://api.commande.local:19080/favicon.ico : malformed uri [] []
[2022-03-11T08:57:03.440119+00:00] lbs.log.ERROR: Missing token in Commande route [] []
[2022-03-11T08:57:04.552902+00:00] lbs.log.ERROR: GET http://api.commande.local:19080/favicon.ico : malformed uri [] []
[2022-03-11T08:58:27.948393+00:00] lbs.log.ERROR: GET http://api.commande.local:19080/favicon.ico : malformed uri [] []
[2022-03-11T08:59:05.878041+00:00] lbs.log.ERROR: Missing token in Commande route [] []
[2022-03-11T08:59:06.993348+00:00] lbs.log.ERROR: GET http://api.commande.local:19080/favicon.ico : malformed uri [] []
[2022-03-11T09:04:12.499702+00:00] lbs.log.ERROR: Missing token in Commande route [] []
[2022-03-11T09:04:13.508732+00:00] lbs.log.ERROR: GET http://api.commande.local:19080/favicon.ico : malformed uri [] []
[2022-03-11T09:04:22.689016+00:00] lbs.log.ERROR: Missing token in Commande route [] []
[2022-03-11T09:04:23.806561+00:00] lbs.log.ERROR: GET http://api.commande.local:19080/favicon.ico : malformed uri [] []
[2022-03-11T09:06:19.024619+00:00] lbs.log.ERROR: Missing token in Commande route [] []
[2022-03-11T09:06:20.037224+00:00] lbs.log.ERROR: GET http://api.commande.local:19080/favicon.ico : malformed uri [] []
[2022-03-11T09:06:38.373928+00:00] lbs.log.ERROR: Missing token in Commande route [] []
[2022-03-11T09:06:39.538014+00:00] lbs.log.ERROR: GET http://api.commande.local:19080/favicon.ico : malformed uri [] []
[2022-03-11T09:06:49.442185+00:00] lbs.log.ERROR: Missing token in Commande route [] []
[2022-03-11T09:06:50.575553+00:00] lbs.log.ERROR: GET http://api.commande.local:19080/favicon.ico : malformed uri [] []
[2022-03-11T09:08:18.561755+00:00] lbs.log.ERROR: Missing token in Commande route [] []
[2022-03-11T09:08:19.604998+00:00] lbs.log.ERROR: GET http://api.commande.local:19080/favicon.ico : malformed uri [] []
[2022-03-11T09:09:02.578103+00:00] lbs.log.ERROR: Missing token in Commande route [] []
[2022-03-11T09:09:03.669756+00:00] lbs.log.ERROR: GET http://api.commande.local:19080/favicon.ico : malformed uri [] []
[2022-03-11T09:10:17.857883+00:00] lbs.log.ERROR: GET http://api.commande.local:19080/favicon.ico : malformed uri [] []
[2022-03-11T09:10:51.948992+00:00] lbs.log.ERROR: GET http://api.commande.local:19080/favicon.ico : malformed uri [] []
[2022-03-11T09:11:09.064564+00:00] lbs.log.ERROR: GET http://api.commande.local:19080/favicon.ico : malformed uri [] []
[2022-03-11T09:11:38.021910+00:00] lbs.log.ERROR: GET http://api.commande.local:19080/favicon.ico : malformed uri [] []
[2022-03-11T09:13:27.975957+00:00] lbs.log.ERROR: GET http://api.commande.local:19080/favicon.ico : malformed uri [] []
[2022-03-11T09:14:37.763270+00:00] lbs.log.ERROR: Missing token in Commande route [] []
[2022-03-11T09:14:38.897031+00:00] lbs.log.ERROR: GET http://api.commande.local:19080/favicon.ico : malformed uri [] []
[2022-03-11T09:14:44.638899+00:00] lbs.log.ERROR: Missing token in Commande route [] []
[2022-03-11T09:14:45.905352+00:00] lbs.log.ERROR: GET http://api.commande.local:19080/favicon.ico : malformed uri [] []
[2022-03-11T10:07:37.561439+00:00] lbs.log.ERROR: Missing token in Commande route [] []
[2022-03-11T10:07:39.184716+00:00] lbs.log.ERROR: GET http://api.commande.local:19080/favicon.ico : malformed uri [] []
[2022-03-11T10:08:43.832190+00:00] lbs.log.ERROR: Missing token in Commande route [] []
[2022-03-11T10:08:45.515238+00:00] lbs.log.ERROR: GET http://api.commande.local:19080/favicon.ico : malformed uri [] []
[2022-03-11T10:09:23.572775+00:00] lbs.log.ERROR: GET http://api.commande.local:19080/favicon.ico : malformed uri [] []
[2022-03-11T10:12:38.284556+00:00] lbs.log.ERROR: GET http://api.commande.local:19080/favicon.ico : malformed uri [] []
[2022-03-11T10:13:00.819871+00:00] lbs.log.ERROR: GET http://api.commande.local:19080/favicon.ico : malformed uri [] []
[2022-03-11T10:14:03.169174+00:00] lbs.log.ERROR: GET http://api.commande.local:19080/favicon.ico : malformed uri [] []
[2022-03-11T10:14:27.756916+00:00] lbs.log.ERROR: GET http://api.commande.local:19080/favicon.ico : malformed uri [] []
[2022-03-11T10:15:53.422865+00:00] lbs.log.ERROR: Missing token in Commande route [] []
[2022-03-11T10:15:54.828518+00:00] lbs.log.ERROR: GET http://api.commande.local:19080/favicon.ico : malformed uri [] []
[2022-03-11T10:16:01.902542+00:00] lbs.log.ERROR: Missing token in Commande route [] []
[2022-03-11T10:16:03.679057+00:00] lbs.log.ERROR: GET http://api.commande.local:19080/favicon.ico : malformed uri [] []
[2022-03-11T10:16:08.081322+00:00] lbs.log.ERROR: GET http://api.commande.local:19080/favicon.ico : malformed uri [] []
[2022-03-11T10:17:11.879526+00:00] lbs.log.ERROR: unknown commande [] []
[2022-03-11T10:17:13.663246+00:00] lbs.log.ERROR: GET http://api.commande.local:19080/favicon.ico : malformed uri [] []
[2022-03-11T10:17:19.169593+00:00] lbs.log.ERROR: Missing token in Commande route [] []
[2022-03-11T10:17:20.837706+00:00] lbs.log.ERROR: GET http://api.commande.local:19080/favicon.ico : malformed uri [] []
[2022-03-11T10:17:30.862043+00:00] lbs.log.ERROR: Missing token in Commande route [] []
[2022-03-11T10:17:32.363149+00:00] lbs.log.ERROR: GET http://api.commande.local:19080/favicon.ico : malformed uri [] []
[2022-03-11T10:17:34.720873+00:00] lbs.log.ERROR: unknown commande [] []
[2022-03-11T10:17:36.236820+00:00] lbs.log.ERROR: GET http://api.commande.local:19080/favicon.ico : malformed uri [] []
[2022-03-11T10:17:42.041929+00:00] lbs.log.ERROR: GET http://api.commande.local:19080/favicon.ico : malformed uri [] []
[2022-03-11T10:17:42.087771+00:00] lbs.log.ERROR: GET http://api.commande.local:19080/favicon.ico : malformed uri [] []
[2022-03-11T10:48:42.141240+00:00] lbs.log.ERROR: GET http://api.commande.local:19080/favicon.ico : malformed uri [] []
[2022-03-11T10:58:41.982524+00:00] lbs.log.ERROR: GET http://api.commande.local:19080/favicon.ico : malformed uri [] []
[2022-03-15T14:24:07.585743+00:00] lbs.log.ERROR: GET http://api.commande.local:19080/ : malformed uri [] []
[2022-03-15T14:24:09.459069+00:00] lbs.log.ERROR: GET http://api.commande.local:19080/favicon.ico : malformed uri [] []
[2022-03-15T14:24:16.540706+00:00] lbs.log.ERROR: Missing token in Commande route [] []
[2022-03-15T14:24:17.453396+00:00] lbs.log.ERROR: GET http://api.commande.local:19080/favicon.ico : malformed uri [] []
[2022-03-15T14:56:25.194063+00:00] lbs.log.ERROR: GET http://api.fabrication.local:19680/favicon.ico : malformed uri [] []
[2022-03-15T14:56:25.811349+00:00] lbs.log.ERROR: GET http://api.fabrication.local:19680/favicon.ico : malformed uri [] []
[2022-03-15T14:56:29.528120+00:00] lbs.log.ERROR: GET http://api.fabrication.local:19680/favicon.ico : malformed uri [] []
[2022-03-15T14:58:15.805076+00:00] lbs.log.ERROR: GET http://api.fabrication.local:19680/favicon.ico : malformed uri [] []
[2022-03-15T14:59:59.944995+00:00] lbs.log.ERROR: GET http://api.fabrication.local:19680/favicon.ico : malformed uri [] []
[2022-03-15T15:00:06.543456+00:00] lbs.log.ERROR: GET http://api.fabrication.local:19680/favicon.ico : malformed uri [] []
[2022-03-15T15:00:48.645257+00:00] lbs.log.ERROR: GET http://api.fabrication.local:19680/favicon.ico : malformed uri [] []
[2022-03-15T15:00:56.429522+00:00] lbs.log.ERROR: GET http://api.fabrication.local:19680/favicon.ico : malformed uri [] []
[2022-03-15T15:00:57.061188+00:00] lbs.log.ERROR: GET http://api.fabrication.local:19680/favicon.ico : malformed uri [] []
[2022-03-15T15:03:06.850098+00:00] lbs.log.ERROR: GET http://api.fabrication.local:19680/favicon.ico : malformed uri [] []
[2022-03-15T15:04:58.194521+00:00] lbs.log.ERROR: GET http://api.fabrication.local:19680/favicon.ico : malformed uri [] []
[2022-03-15T15:07:39.681202+00:00] lbs.log.ERROR: GET http://api.fabrication.local:19680/favicon.ico : malformed uri [] []
[2022-03-15T15:08:37.564272+00:00] lbs.log.ERROR: GET http://api.fabrication.local:19680/favicon.ico : malformed uri [] []
[2022-03-15T15:08:39.234324+00:00] lbs.log.ERROR: GET http://api.fabrication.local:19680/favicon.ico : malformed uri [] []
[2022-03-15T15:09:45.642336+00:00] lbs.log.ERROR: GET http://api.fabrication.local:19680/favicon.ico : malformed uri [] []
[2022-03-15T15:10:20.502305+00:00] lbs.log.ERROR: GET http://api.fabrication.local:19680/favicon.ico : malformed uri [] []
[2022-03-15T15:10:59.984406+00:00] lbs.log.ERROR: GET http://api.fabrication.local:19680/commands/a95144d2-1a31-458f-8665-35f571105665 : malformed uri [] []
[2022-03-15T15:11:01.092432+00:00] lbs.log.ERROR: GET http://api.fabrication.local:19680/favicon.ico : malformed uri [] []
[2022-03-15T15:11:31.029263+00:00] lbs.log.ERROR: GET http://api.fabrication.local:19680/favicon.ico : malformed uri [] []
[2022-03-15T15:12:18.030838+00:00] lbs.log.ERROR: GET http://api.fabrication.local:19680/favicon.ico : malformed uri [] []
[2022-03-15T15:12:30.230738+00:00] lbs.log.ERROR: GET http://api.fabrication.local:19680/favicon.ico : malformed uri [] []
[2022-03-15T15:12:55.584035+00:00] lbs.log.ERROR: GET http://api.fabrication.local:19680/favicon.ico : malformed uri [] []
[2022-03-15T15:13:09.337142+00:00] lbs.log.ERROR: GET http://api.fabrication.local:19680/commands/a95144d2-1a31-458f-8665-35f571105665 : malformed uri [] []
[2022-03-15T15:13:10.060637+00:00] lbs.log.ERROR: GET http://api.fabrication.local:19680/favicon.ico : malformed uri [] []
[2022-03-15T15:13:28.219709+00:00] lbs.log.ERROR: GET http://api.fabrication.local:19680/favicon.ico : malformed uri [] []
[2022-03-15T15:14:42.024866+00:00] lbs.log.ERROR: GET http://api.fabrication.local:19680/favicon.ico : malformed uri [] []
[2022-03-15T15:15:02.727071+00:00] lbs.log.ERROR: GET http://api.fabrication.local:19680/favicon.ico : malformed uri [] []
[2022-03-15T15:16:14.094625+00:00] lbs.log.ERROR: GET http://api.fabrication.local:19680/favicon.ico : malformed uri [] []
[2022-03-15T15:18:23.010718+00:00] lbs.log.ERROR: GET http://api.fabrication.local:19680/commands/a95144d2-1a31-458f-8665-35f571105665 : malformed uri [] []
[2022-03-15T15:18:24.201090+00:00] lbs.log.ERROR: GET http://api.fabrication.local:19680/favicon.ico : malformed uri [] []
[2022-03-15T15:23:47.746350+00:00] lbs.log.ERROR: GET http://api.fabrication.local:19680/favicon.ico : malformed uri [] []
[2022-03-15T15:25:12.322967+00:00] lbs.log.ERROR: GET http://api.fabrication.local:19680/favicon.ico : malformed uri [] []
[2022-03-15T15:57:14.506423+00:00] lbs.log.ERROR: GET http://api.fabrication.local:19680/favicon.ico : malformed uri [] []
[2022-03-15T15:57:51.521687+00:00] lbs.log.ERROR: error | 500 | Class 'lbs\fab\app\models\Commande' not found | /var/www/src/app/controller/CommandeController.phpline: 117 [] []
[2022-03-15T15:57:52.762879+00:00] lbs.log.ERROR: GET http://api.fabrication.local:19680/favicon.ico : malformed uri [] []
[2022-03-15T15:58:39.152476+00:00] lbs.log.ERROR: error | 500 | Class 'lbs\fab\app\models\Commande' not found | /var/www/src/app/controller/CommandeController.phpline: 23 [] []
[2022-03-15T15:58:40.377022+00:00] lbs.log.ERROR: GET http://api.fabrication.local:19680/favicon.ico : malformed uri [] []
[2022-03-15T15:59:12.364920+00:00] lbs.log.ERROR: error | 500 | Class 'lbs\fab\app\models\Commande' not found | /var/www/src/app/controller/CommandeController.phpline: 56 [] []
[2022-03-15T15:59:13.274719+00:00] lbs.log.ERROR: GET http://api.fabrication.local:19680/favicon.ico : malformed uri [] []
[2022-03-15T16:01:16.147252+00:00] lbs.log.ERROR: error | 500 | Class 'lbs\fab\app\models\Commande' not found | /var/www/src/app/controller/CommandeController.phpline: 56 [] []
[2022-03-15T16:01:17.512992+00:00] lbs.log.ERROR: GET http://api.fabrication.local:19680/favicon.ico : malformed uri [] []
[2022-03-15T16:01:28.795006+00:00] lbs.log.ERROR: error | 500 | Class 'lbs\fab\app\models\Commande' not found | /var/www/src/app/controller/CommandeController.phpline: 56 [] []
[2022-03-15T16:01:29.939255+00:00] lbs.log.ERROR: GET http://api.fabrication.local:19680/favicon.ico : malformed uri [] []
[2022-03-15T16:02:35.065868+00:00] lbs.log.ERROR: error | 500 | Class 'lbs\fab\app\models\Commande' not found | /var/www/src/app/controller/CommandeController.phpline: 147 [] []
[2022-03-15T16:02:36.296537+00:00] lbs.log.ERROR: GET http://api.fabrication.local:19680/favicon.ico : malformed uri [] []
[2022-03-15T16:02:41.414682+00:00] lbs.log.ERROR: error | 500 | Class 'lbs\fab\app\models\Commande' not found | /var/www/src/app/controller/CommandeController.phpline: 117 [] []
[2022-03-15T16:02:42.222525+00:00] lbs.log.ERROR: GET http://api.fabrication.local:19680/favicon.ico : malformed uri [] []
[2022-03-15T16:12:29.245804+00:00] lbs.log.ERROR: error | 500 | Class 'lbs\fab\app\errors\Writer' not found | /var/www/src/app/controller/CommandeController.phpline: 126 [] []
[2022-03-15T16:12:30.954167+00:00] lbs.log.ERROR: GET http://api.fabrication.local:19680/favicon.ico : malformed uri [] []
[2022-03-15T16:14:12.621220+00:00] lbs.log.ERROR: error | 500 | Class 'lbs\fab\app\output\Writer' not found | /var/www/src/app/controller/CommandeController.phpline: 46 [] []
[2022-03-15T16:14:14.426990+00:00] lbs.log.ERROR: GET http://api.fabrication.local:19680/favicon.ico : malformed uri [] []
[2022-03-15T16:15:12.959373+00:00] lbs.log.ERROR: error | 500 | Class 'lbs\fab\app\output\Writer' not found | /var/www/src/app/controller/CommandeController.phpline: 46 [] []
[2022-03-15T16:15:14.888345+00:00] lbs.log.ERROR: GET http://api.fabrication.local:19680/favicon.ico : malformed uri [] []
[2022-03-15T16:15:29.326123+00:00] lbs.log.ERROR: error | 500 | Class 'lbs\fab\app\output\Writer' not found | /var/www/src/app/controller/CommandeController.phpline: 46 [] []
[2022-03-15T16:15:31.263916+00:00] lbs.log.ERROR: GET http://api.fabrication.local:19680/favicon.ico : malformed uri [] []
[2022-03-15T16:16:28.831333+00:00] lbs.log.ERROR: error | 500 | Class 'lbs\fab\app\output\Writer' not found | /var/www/src/app/controller/CommandeController.phpline: 46 [] []
[2022-03-15T16:16:28.840957+00:00] lbs.log.ERROR: error | 500 | Class 'lbs\fab\app\output\Writer' not found | /var/www/src/app/controller/CommandeController.phpline: 46 [] []
[2022-03-15T16:16:30.729834+00:00] lbs.log.ERROR: GET http://api.fabrication.local:19680/favicon.ico : malformed uri [] []
[2022-03-15T16:17:19.127058+00:00] lbs.log.ERROR: bad ressource : http://api.fabrication.local:19680/commands/b36a3f5aaff7 [] []
[2022-03-15T16:17:20.197958+00:00] lbs.log.ERROR: GET http://api.fabrication.local:19680/favicon.ico : malformed uri [] []
[2022-03-15T16:17:28.764352+00:00] lbs.log.ERROR: GET http://api.fabrication.local:19680/favicon.ico : malformed uri [] []
[2022-03-15T16:23:54.241860+00:00] lbs.log.ERROR: GET http://api.fabrication.local:19680/commands.s=3 : malformed uri [] []
[2022-03-15T16:23:55.885521+00:00] lbs.log.ERROR: GET http://api.fabrication.local:19680/favicon.ico : malformed uri [] []
[2022-03-15T16:24:02.921265+00:00] lbs.log.ERROR: error | 500 | Class 'lbs\fab\app\output\Writer' not found | /var/www/src/app/controller/CommandeController.phpline: 46 [] []
[2022-03-15T16:24:04.902414+00:00] lbs.log.ERROR: GET http://api.fabrication.local:19680/favicon.ico : malformed uri [] []
[2022-03-15T16:26:37.158976+00:00] lbs.log.ERROR: error | 500 | Class 'lbs\fab\app\output\Writer' not found | /var/www/src/app/controller/CommandeController.phpline: 46 [] []
[2022-03-15T16:26:38.884243+00:00] lbs.log.ERROR: GET http://api.fabrication.local:19680/favicon.ico : malformed uri [] []
[2022-03-15T16:27:33.646972+00:00] lbs.log.ERROR: bad ressource : http://api.fabrication.local:19680/commands/b36a3f5aaff7 [] []
[2022-03-15T16:27:34.513075+00:00] lbs.log.ERROR: GET http://api.fabrication.local:19680/favicon.ico : malformed uri [] []
[2022-03-15T16:27:35.591953+00:00] lbs.log.ERROR: error | 500 | Class 'lbs\fab\app\output\Writer' not found | /var/www/src/app/controller/CommandeController.phpline: 46 [] []
[2022-03-15T16:27:38.474112+00:00] lbs.log.ERROR: GET http://api.fabrication.local:19680/favicon.ico : malformed uri [] []
[2022-03-15T16:27:53.222506+00:00] lbs.log.ERROR: GET http://api.fabrication.local:19680/favicon.ico : malformed uri [] []
[2022-03-15T16:27:56.425220+00:00] lbs.log.ERROR: GET http://api.fabrication.local:19680/favicon.ico : malformed uri [] []
[2022-03-15T16:27:59.545791+00:00] lbs.log.ERROR: GET http://api.fabrication.local:19680/favicon.ico : malformed uri [] []
[2022-03-15T16:28:01.705802+00:00] lbs.log.ERROR: GET http://api.fabrication.local:19680/favicon.ico : malformed uri [] []
[2022-03-15T16:28:03.755297+00:00] lbs.log.ERROR: GET http://api.fabrication.local:19680/favicon.ico : malformed uri [] []
[2022-03-15T16:28:04.899132+00:00] lbs.log.ERROR: error | 500 | Class 'lbs\fab\app\output\Writer' not found | /var/www/src/app/controller/CommandeController.phpline: 46 [] []
[2022-03-15T16:28:07.213320+00:00] lbs.log.ERROR: GET http://api.fabrication.local:19680/favicon.ico : malformed uri [] []
[2022-03-15T16:28:11.727233+00:00] lbs.log.ERROR: error | 500 | Class 'lbs\fab\app\output\Writer' not found | /var/www/src/app/controller/CommandeController.phpline: 46 [] []
[2022-03-15T16:28:13.284879+00:00] lbs.log.ERROR: GET http://api.fabrication.local:19680/favicon.ico : malformed uri [] []
[2022-03-15T16:31:17.993126+00:00] lbs.log.ERROR: GET http://api.fabrication.local:19680/favicon.ico : malformed uri [] []
[2022-03-15T16:31:29.263809+00:00] lbs.log.ERROR: GET http://api.fabrication.local:19680/favicon.ico : malformed uri [] []
[2022-03-15T16:31:40.486979+00:00] lbs.log.ERROR: error | 500 | Class 'lbs\fab\app\output\Writer' not found | /var/www/src/app/controller/CommandeController.phpline: 46 [] []
[2022-03-15T16:31:41.869214+00:00] lbs.log.ERROR: GET http://api.fabrication.local:19680/favicon.ico : malformed uri [] []
[2022-03-15T16:34:47.887074+00:00] lbs.log.ERROR: error | 500 | Class 'lbs\fab\app\output\Writer' not found | /var/www/src/app/controller/CommandeController.phpline: 46 [] []
[2022-03-15T16:34:49.806109+00:00] lbs.log.ERROR: GET http://api.fabrication.local:19680/favicon.ico : malformed uri [] []
[2022-03-15T16:35:21.600323+00:00] lbs.log.ERROR: error | 500 | Class 'lbs\fab\app\output\Writer' not found | /var/www/src/app/controller/CommandeController.phpline: 46 [] []
[2022-03-15T16:35:23.300014+00:00] lbs.log.ERROR: GET http://api.fabrication.local:19680/favicon.ico : malformed uri [] []
[2022-03-15T16:45:32.643712+00:00] lbs.log.ERROR: error | 500 | Class 'lbs\fab\app\output\Writer' not found | /var/www/src/app/controller/CommandeController.phpline: 46 [] []
[2022-03-15T16:45:34.452813+00:00] lbs.log.ERROR: GET http://api.fabrication.local:19680/favicon.ico : malformed uri [] []
[2022-03-15T16:47:57.831151+00:00] lbs.log.ERROR: error | 500 | Class 'lbs\fab\app\output\Writer' not found | /var/www/src/app/controller/CommandeController.phpline: 46 [] []
[2022-03-15T16:47:59.939223+00:00] lbs.log.ERROR: GET http://api.fabrication.local:19680/favicon.ico : malformed uri [] []
[2022-03-15T16:48:14.455658+00:00] lbs.log.ERROR: Missing status in Commande route [] []
[2022-03-15T16:48:14.503636+00:00] lbs.log.ERROR: error | 500 | Class 'lbs\fab\app\output\Writer' not found | /var/www/src/app/controller/CommandeController.phpline: 142 [] []
[2022-03-15T16:48:15.716539+00:00] lbs.log.ERROR: GET http://api.fabrication.local:19680/favicon.ico : malformed uri [] []
[2022-03-15T16:48:21.411807+00:00] lbs.log.ERROR: Missing status in Commande route [] []
[2022-03-15T16:48:21.469694+00:00] lbs.log.ERROR: error | 500 | Class 'lbs\fab\app\output\Writer' not found | /var/www/src/app/controller/CommandeController.phpline: 142 [] []
[2022-03-15T16:48:22.753616+00:00] lbs.log.ERROR: GET http://api.fabrication.local:19680/favicon.ico : malformed uri [] []
[2022-03-15T16:48:31.295859+00:00] lbs.log.ERROR: GET http://api.fabrication.local:19680/favicon.ico : malformed uri [] []
[2022-03-15T16:48:32.855362+00:00] lbs.log.ERROR: GET http://api.fabrication.local:19680/favicon.ico : malformed uri [] []
[2022-03-15T16:48:37.427943+00:00] lbs.log.ERROR: Missing status in Commande route [] []
[2022-03-15T16:48:37.456057+00:00] lbs.log.ERROR: error | 500 | Class 'lbs\fab\app\output\Writer' not found | /var/www/src/app/controller/CommandeController.phpline: 142 [] []
[2022-03-15T16:48:38.199002+00:00] lbs.log.ERROR: GET http://api.fabrication.local:19680/favicon.ico : malformed uri [] []
[2022-03-15T16:48:48.884390+00:00] lbs.log.ERROR: GET http://api.fabrication.local:19680/favicon.ico : malformed uri [] []
[2022-03-15T16:48:58.244399+00:00] lbs.log.ERROR: GET http://api.fabrication.local:19680/favicon.ico : malformed uri [] []
[2022-03-15T16:49:03.660665+00:00] lbs.log.ERROR: error | 500 | Class 'lbs\fab\app\output\Writer' not found | /var/www/src/app/controller/CommandeController.phpline: 46 [] []
[2022-03-15T16:49:06.050030+00:00] lbs.log.ERROR: GET http://api.fabrication.local:19680/favicon.ico : malformed uri [] []
[2022-03-15T16:50:06.363436+00:00] lbs.log.ERROR: Missing status in Commande route [] []
[2022-03-15T16:50:06.396892+00:00] lbs.log.ERROR: error | 500 | Class 'lbs\fab\app\output\Writer' not found | /var/www/src/app/controller/CommandeController.phpline: 143 [] []
[2022-03-15T16:50:07.237568+00:00] lbs.log.ERROR: GET http://api.fabrication.local:19680/favicon.ico : malformed uri [] []
[2022-03-15T16:50:29.540560+00:00] lbs.log.ERROR: Missing status in Commande route [] []
[2022-03-15T16:50:29.588928+00:00] lbs.log.ERROR: error | 500 | Class 'lbs\fab\app\output\Writer' not found | /var/www/src/app/controller/CommandeController.phpline: 143 [] []
[2022-03-15T16:50:30.727635+00:00] lbs.log.ERROR: GET http://api.fabrication.local:19680/favicon.ico : malformed uri [] []
[2022-03-15T16:51:04.488628+00:00] lbs.log.ERROR: Missing status in Commande route [] []
[2022-03-15T16:51:05.268447+00:00] lbs.log.ERROR: GET http://api.fabrication.local:19680/favicon.ico : malformed uri [] []
[2022-03-15T16:51:12.872883+00:00] lbs.log.ERROR: unknown commande [] []
[2022-03-15T16:51:13.765771+00:00] lbs.log.ERROR: GET http://api.fabrication.local:19680/favicon.ico : malformed uri [] []
[2022-03-15T16:51:18.340162+00:00] lbs.log.ERROR: GET http://api.fabrication.local:19680/favicon.ico : malformed uri [] []
[2022-03-15T16:51:18.602393+00:00] lbs.log.ERROR: GET http://api.fabrication.local:19680/favicon.ico : malformed uri [] []
[2022-03-15T16:52:00.285113+00:00] lbs.log.ERROR: GET http://api.fabrication.local:19680/favicon.ico : malformed uri [] []
[2022-03-15T16:57:52.373935+00:00] lbs.log.ERROR: Missing status in Commande route [] []
[2022-03-15T16:57:53.233386+00:00] lbs.log.ERROR: GET http://api.fabrication.local:19680/favicon.ico : malformed uri [] []
[2022-03-15T16:57:58.271483+00:00] lbs.log.ERROR: unknown commande [] []
[2022-03-15T16:57:58.963147+00:00] lbs.log.ERROR: GET http://api.fabrication.local:19680/favicon.ico : malformed uri [] []
[2022-03-15T16:58:03.609676+00:00] lbs.log.ERROR: unknown commande [] []
[2022-03-15T16:58:04.431176+00:00] lbs.log.ERROR: GET http://api.fabrication.local:19680/favicon.ico : malformed uri [] []
[2022-03-15T16:58:10.369319+00:00] lbs.log.ERROR: Missing status in Commande route [] []
[2022-03-15T16:58:11.087981+00:00] lbs.log.ERROR: GET http://api.fabrication.local:19680/favicon.ico : malformed uri [] []
[2022-03-15T16:58:16.318268+00:00] lbs.log.ERROR: GET http://api.fabrication.local:19680/commandss=3 : malformed uri [] []
[2022-03-15T16:58:17.763278+00:00] lbs.log.ERROR: GET http://api.fabrication.local:19680/favicon.ico : malformed uri [] []
[2022-03-15T16:58:25.364487+00:00] lbs.log.ERROR: unknown commande [] []
[2022-03-15T16:58:26.212371+00:00] lbs.log.ERROR: GET http://api.fabrication.local:19680/favicon.ico : malformed uri [] []
[2022-03-15T16:58:45.193334+00:00] lbs.log.ERROR: GET http://api.fabrication.local:19680/favicon.ico : malformed uri [] []
[2022-03-15T16:59:09.914732+00:00] lbs.log.ERROR: GET http://api.fabrication.local:19680/favicon.ico : malformed uri [] []
[2022-03-15T16:59:11.844492+00:00] lbs.log.ERROR: GET http://api.fabrication.local:19680/favicon.ico : malformed uri [] []
[2022-03-15T16:59:25.263586+00:00] lbs.log.ERROR: Missing status in Commande route [] []
[2022-03-15T16:59:26.029997+00:00] lbs.log.ERROR: GET http://api.fabrication.local:19680/favicon.ico : malformed uri [] []
[2022-03-15T16:59:34.407584+00:00] lbs.log.ERROR: Missing status in Commande route [] []
[2022-03-15T16:59:35.170509+00:00] lbs.log.ERROR: GET http://api.fabrication.local:19680/favicon.ico : malformed uri [] []
[2022-03-15T16:59:37.825002+00:00] lbs.log.ERROR: Missing status in Commande route [] []
[2022-03-15T16:59:38.592960+00:00] lbs.log.ERROR: GET http://api.fabrication.local:19680/favicon.ico : malformed uri [] []
[2022-03-15T16:59:39.347806+00:00] lbs.log.ERROR: Missing status in Commande route [] []
[2022-03-15T16:59:40.195226+00:00] lbs.log.ERROR: GET http://api.fabrication.local:19680/favicon.ico : malformed uri [] []
[2022-03-15T17:00:16.559536+00:00] lbs.log.ERROR: GET http://api.fabrication.local:19680/favicon.ico : malformed uri [] []
[2022-03-15T17:00:44.943844+00:00] lbs.log.ERROR: unknown commande [] []
[2022-03-15T17:00:45.818913+00:00] lbs.log.ERROR: GET http://api.fabrication.local:19680/favicon.ico : malformed uri [] []
[2022-03-15T17:01:31.064061+00:00] lbs.log.ERROR: unknown commande [] []
[2022-03-15T17:01:31.794637+00:00] lbs.log.ERROR: GET http://api.fabrication.local:19680/favicon.ico : malformed uri [] []
[2022-03-15T17:02:02.527870+00:00] lbs.log.ERROR: unknown commande [] []
[2022-03-15T17:02:03.275115+00:00] lbs.log.ERROR: GET http://api.fabrication.local:19680/favicon.ico : malformed uri [] []
[2022-03-15T17:02:53.481030+00:00] lbs.log.ERROR: unknown commande [] []
[2022-03-15T17:02:54.378387+00:00] lbs.log.ERROR: GET http://api.fabrication.local:19680/favicon.ico : malformed uri [] []
[2022-03-18T08:29:49.594998+00:00] lbs.log.ERROR: Missing status in Commande route [] []
[2022-03-18T08:29:50.544510+00:00] lbs.log.ERROR: GET http://api.fabrication.local:19680/favicon.ico : malformed uri [] []
[2022-03-18T08:41:21.321011+00:00] lbs.log.ERROR: Missing status in Commande route [] []
[2022-03-18T08:41:22.036153+00:00] lbs.log.ERROR: GET http://api.fabrication.local:19680/favicon.ico : malformed uri [] []
[2022-03-18T08:43:35.787029+00:00] lbs.log.ERROR: error | 500 | Too few arguments to function Slim\Http\Request::getQueryParam(), 0 passed in /var/www/src/app/controller/CommandeController.php on line 24 and at least 1 expected | /var/www/src/vendor/slim/slim/Slim/Http/Request.phpline: 1171 [] []
[2022-03-18T08:43:37.082690+00:00] lbs.log.ERROR: GET http://api.fabrication.local:19680/favicon.ico : malformed uri [] []
[2022-03-18T08:45:12.155469+00:00] lbs.log.ERROR: error | 500 | Too few arguments to function Slim\Http\Request::getQueryParam(), 0 passed in /var/www/src/app/controller/CommandeController.php on line 24 and at least 1 expected | /var/www/src/vendor/slim/slim/Slim/Http/Request.phpline: 1171 [] []
[2022-03-18T08:45:13.351942+00:00] lbs.log.ERROR: GET http://api.fabrication.local:19680/favicon.ico : malformed uri [] []
[2022-03-18T08:45:30.365823+00:00] lbs.log.ERROR: error | 500 | Too few arguments to function Slim\Http\Request::getQueryParam(), 0 passed in /var/www/src/app/controller/CommandeController.php on line 24 and at least 1 expected | /var/www/src/vendor/slim/slim/Slim/Http/Request.phpline: 1171 [] []
[2022-03-18T08:45:31.727916+00:00] lbs.log.ERROR: GET http://api.fabrication.local:19680/favicon.ico : malformed uri [] []
[2022-03-18T08:47:30.282690+00:00] lbs.log.ERROR: error | 500 | Too few arguments to function Slim\Http\Request::getQueryParam(), 0 passed in /var/www/src/app/controller/CommandeController.php on line 24 and at least 1 expected | /var/www/src/vendor/slim/slim/Slim/Http/Request.phpline: 1171 [] []
[2022-03-18T08:47:31.684015+00:00] lbs.log.ERROR: GET http://api.fabrication.local:19680/favicon.ico : malformed uri [] []
[2022-03-18T08:50:55.504821+00:00] lbs.log.ERROR: error | 500 | Too few arguments to function Slim\Http\Request::getQueryParam(), 0 passed in /var/www/src/app/controller/CommandeController.php on line 24 and at least 1 expected | /var/www/src/vendor/slim/slim/Slim/Http/Request.phpline: 1171 [] []
[2022-03-18T08:50:56.718410+00:00] lbs.log.ERROR: GET http://api.fabrication.local:19680/favicon.ico : malformed uri [] []
[2022-03-18T08:51:05.677565+00:00] lbs.log.ERROR: error | 500 | Too few arguments to function Slim\Http\Request::getQueryParam(), 0 passed in /var/www/src/app/controller/CommandeController.php on line 24 and at least 1 expected | /var/www/src/vendor/slim/slim/Slim/Http/Request.phpline: 1171 [] []
[2022-03-18T08:51:07.307191+00:00] lbs.log.ERROR: GET http://api.fabrication.local:19680/favicon.ico : malformed uri [] []
[2022-03-18T08:51:38.613029+00:00] lbs.log.ERROR: error | 500 | Too few arguments to function Slim\Http\Request::getQueryParam(), 0 passed in /var/www/src/app/controller/CommandeController.php on line 24 and at least 1 expected | /var/www/src/vendor/slim/slim/Slim/Http/Request.phpline: 1171 [] []
[2022-03-18T08:51:40.124974+00:00] lbs.log.ERROR: GET http://api.fabrication.local:19680/favicon.ico : malformed uri [] []
[2022-03-18T09:32:56.471929+00:00] lbs.log.ERROR: error | 500 | Too few arguments to function Slim\Http\Request::getQueryParam(), 0 passed in /var/www/src/app/controller/CommandeController.php on line 24 and at least 1 expected | /var/www/src/vendor/slim/slim/Slim/Http/Request.phpline: 1171 [] []
[2022-03-18T09:32:57.704580+00:00] lbs.log.ERROR: GET http://api.fabrication.local:19680/favicon.ico : malformed uri [] []
[2022-03-18T09:33:03.195877+00:00] lbs.log.ERROR: error | 500 | Too few arguments to function Slim\Http\Request::getQueryParam(), 0 passed in /var/www/src/app/controller/CommandeController.php on line 24 and at least 1 expected | /var/www/src/vendor/slim/slim/Slim/Http/Request.phpline: 1171 [] []
[2022-03-18T09:33:04.379807+00:00] lbs.log.ERROR: GET http://api.fabrication.local:19680/favicon.ico : malformed uri [] []
[2022-03-18T09:46:23.176473+00:00] lbs.log.ERROR: error | 500 | Too few arguments to function Slim\Http\Request::getQueryParam(), 0 passed in /var/www/src/app/controller/CommandeController.php on line 24 and at least 1 expected | /var/www/src/vendor/slim/slim/Slim/Http/Request.phpline: 1171 [] []
[2022-03-18T09:46:24.492374+00:00] lbs.log.ERROR: GET http://api.fabrication.local:19680/favicon.ico : malformed uri [] []
[2022-03-18T09:47:23.073832+00:00] lbs.log.ERROR: error | 500 | Too few arguments to function Slim\Http\Request::getQueryParam(), 0 passed in /var/www/src/app/controller/CommandeController.php on line 24 and at least 1 expected | /var/www/src/vendor/slim/slim/Slim/Http/Request.phpline: 1171 [] []
[2022-03-18T09:47:24.285944+00:00] lbs.log.ERROR: GET http://api.fabrication.local:19680/favicon.ico : malformed uri [] []
[2022-03-18T09:51:36.456058+00:00] lbs.log.ERROR: error | 500 | Too few arguments to function Slim\Http\Request::getQueryParam(), 0 passed in /var/www/src/app/controller/CommandeController.php on line 24 and at least 1 expected | /var/www/src/vendor/slim/slim/Slim/Http/Request.phpline: 1171 [] []
[2022-03-18T09:51:37.753022+00:00] lbs.log.ERROR: GET http://api.fabrication.local:19680/favicon.ico : malformed uri [] []
[2022-03-18T09:51:38.937562+00:00] lbs.log.ERROR: error | 500 | Too few arguments to function Slim\Http\Request::getQueryParam(), 0 passed in /var/www/src/app/controller/CommandeController.php on line 24 and at least 1 expected | /var/www/src/vendor/slim/slim/Slim/Http/Request.phpline: 1171 [] []
[2022-03-18T09:51:40.064235+00:00] lbs.log.ERROR: GET http://api.fabrication.local:19680/favicon.ico : malformed uri [] []
[2022-03-18T09:52:07.722986+00:00] lbs.log.ERROR: GET http://api.fabrication.local:19680/ : malformed uri [] []
[2022-03-18T09:52:09.039033+00:00] lbs.log.ERROR: GET http://api.fabrication.local:19680/favicon.ico : malformed uri [] []
[2022-03-18T09:52:18.293076+00:00] lbs.log.ERROR: GET http://api.fabrication.local:19680/favicon.ico : malformed uri [] []
[2022-03-18T09:52:23.416875+00:00] lbs.log.ERROR: GET http://api.fabrication.local:19680/favicon.ico : malformed uri [] []
[2022-03-18T09:52:25.958475+00:00] lbs.log.ERROR: GET http://api.fabrication.local:19680/favicon.ico : malformed uri [] []
[2022-03-18T09:52:31.665442+00:00] lbs.log.ERROR: GET http://api.fabrication.local:19680/favicon.ico : malformed uri [] []
[2022-03-18T09:58:47.898752+00:00] lbs.log.ERROR: error | 500 | Too few arguments to function Slim\Http\Request::getQueryParam(), 0 passed in /var/www/src/app/controller/CommandeController.php on line 24 and at least 1 expected | /var/www/src/vendor/slim/slim/Slim/Http/Request.phpline: 1171 [] []
[2022-03-18T09:58:49.168763+00:00] lbs.log.ERROR: GET http://api.fabrication.local:19680/favicon.ico : malformed uri [] []
[2022-03-18T10:00:45.941478+00:00] lbs.log.ERROR: GET http://api.fabrication.local:19680/favicon.ico : malformed uri [] []
[2022-03-18T10:01:08.440100+00:00] lbs.log.ERROR: GET http://api.fabrication.local:19680/favicon.ico : malformed uri [] []
[2022-03-18T10:01:37.862210+00:00] lbs.log.ERROR: GET http://api.fabrication.local:19680/favicon.ico : malformed uri [] []
[2022-03-18T10:04:02.792244+00:00] lbs.log.ERROR: GET http://api.fabrication.local:19680/favicon.ico : malformed uri [] []
[2022-03-18T10:04:55.106396+00:00] lbs.log.ERROR: GET http://api.fabrication.local:19680/favicon.ico : malformed uri [] []
